<?xml version="1.0" encoding="UTF-8"?>
<testsuite xmlns:xsi="http://www.w3.org/2001/XMLSchema-instance" xsi:noNamespaceSchemaLocation="https://maven.apache.org/surefire/maven-surefire-plugin/xsd/surefire-test-report-3.0.xsd" version="3.0" name="com.todoapp.PostToDoTests" time="0.073" tests="5" errors="0" skipped="0" failures="0">
  <properties>
    <property name="java.specification.version" value="21"/>
    <property name="sun.jnu.encoding" value="UTF-8"/>
    <property name="java.class.path" value="/Users/anastasia/toDoApp/target/test-classes:/Users/anastasia/toDoApp/target/classes:/Users/anastasia/.m2/repository/org/jetbrains/kotlin/kotlin-stdlib/1.9.20/kotlin-stdlib-1.9.20.jar:/Users/anastasia/.m2/repository/org/jetbrains/annotations/13.0/annotations-13.0.jar:/Users/anastasia/.m2/repository/com/squareup/okhttp3/okhttp/4.12.0/okhttp-4.12.0.jar:/Users/anastasia/.m2/repository/com/squareup/okio/okio/3.6.0/okio-3.6.0.jar:/Users/anastasia/.m2/repository/com/squareup/okio/okio-jvm/3.6.0/okio-jvm-3.6.0.jar:/Users/anastasia/.m2/repository/org/jetbrains/kotlin/kotlin-stdlib-common/1.9.20/kotlin-stdlib-common-1.9.20.jar:/Users/anastasia/.m2/repository/org/jetbrains/kotlin/kotlin-stdlib-jdk8/1.9.20/kotlin-stdlib-jdk8-1.9.20.jar:/Users/anastasia/.m2/repository/org/jetbrains/kotlin/kotlin-stdlib-jdk7/1.9.20/kotlin-stdlib-jdk7-1.9.20.jar:/Users/anastasia/.m2/repository/org/junit/jupiter/junit-jupiter-api/5.10.0/junit-jupiter-api-5.10.0.jar:/Users/anastasia/.m2/repository/org/opentest4j/opentest4j/1.3.0/opentest4j-1.3.0.jar:/Users/anastasia/.m2/repository/org/junit/platform/junit-platform-commons/1.10.0/junit-platform-commons-1.10.0.jar:/Users/anastasia/.m2/repository/org/apiguardian/apiguardian-api/1.1.2/apiguardian-api-1.1.2.jar:/Users/anastasia/.m2/repository/org/junit/jupiter/junit-jupiter-engine/5.10.0/junit-jupiter-engine-5.10.0.jar:/Users/anastasia/.m2/repository/org/junit/platform/junit-platform-engine/1.10.0/junit-platform-engine-1.10.0.jar:/Users/anastasia/.m2/repository/com/squareup/okhttp3/logging-interceptor/4.12.0/logging-interceptor-4.12.0.jar:/Users/anastasia/.m2/repository/com/fasterxml/jackson/module/jackson-module-kotlin/2.16.0/jackson-module-kotlin-2.16.0.jar:/Users/anastasia/.m2/repository/com/fasterxml/jackson/core/jackson-databind/2.16.0/jackson-databind-2.16.0.jar:/Users/anastasia/.m2/repository/com/fasterxml/jackson/core/jackson-core/2.16.0/jackson-core-2.16.0.jar:/Users/anastasia/.m2/repository/com/fasterxml/jackson/core/jackson-annotations/2.16.0/jackson-annotations-2.16.0.jar:/Users/anastasia/.m2/repository/org/assertj/assertj-core/3.24.2/assertj-core-3.24.2.jar:/Users/anastasia/.m2/repository/net/bytebuddy/byte-buddy/1.12.21/byte-buddy-1.12.21.jar:/Users/anastasia/.m2/repository/org/jetbrains/kotlin/kotlin-reflect/1.9.20/kotlin-reflect-1.9.20.jar:"/>
    <property name="java.vm.vendor" value="Homebrew"/>
    <property name="sun.arch.data.model" value="64"/>
    <property name="java.vendor.url" value="https://github.com/Homebrew/homebrew-core/issues"/>
    <property name="user.timezone" value="Europe/Moscow"/>
    <property name="os.name" value="Mac OS X"/>
    <property name="java.vm.specification.version" value="21"/>
    <property name="sun.java.launcher" value="SUN_STANDARD"/>
    <property name="user.country" value="AR"/>
    <property name="sun.boot.library.path" value="/opt/homebrew/Cellar/openjdk/21.0.2/libexec/openjdk.jdk/Contents/Home/lib"/>
    <property name="sun.java.command" value="/Users/anastasia/toDoApp/target/surefire/surefirebooter-20250319133310946_3.jar /Users/anastasia/toDoApp/target/surefire 2025-03-19T13-33-10_779-jvmRun1 surefire-20250319133310946_1tmp surefire_0-20250319133310946_2tmp"/>
    <property name="http.nonProxyHosts" value="local|*.local|169.254/16|*.169.254/16"/>
    <property name="jdk.debug" value="release"/>
    <property name="test" value="com.todoapp.**"/>
    <property name="surefire.test.class.path" value="/Users/anastasia/toDoApp/target/test-classes:/Users/anastasia/toDoApp/target/classes:/Users/anastasia/.m2/repository/org/jetbrains/kotlin/kotlin-stdlib/1.9.20/kotlin-stdlib-1.9.20.jar:/Users/anastasia/.m2/repository/org/jetbrains/annotations/13.0/annotations-13.0.jar:/Users/anastasia/.m2/repository/com/squareup/okhttp3/okhttp/4.12.0/okhttp-4.12.0.jar:/Users/anastasia/.m2/repository/com/squareup/okio/okio/3.6.0/okio-3.6.0.jar:/Users/anastasia/.m2/repository/com/squareup/okio/okio-jvm/3.6.0/okio-jvm-3.6.0.jar:/Users/anastasia/.m2/repository/org/jetbrains/kotlin/kotlin-stdlib-common/1.9.20/kotlin-stdlib-common-1.9.20.jar:/Users/anastasia/.m2/repository/org/jetbrains/kotlin/kotlin-stdlib-jdk8/1.9.20/kotlin-stdlib-jdk8-1.9.20.jar:/Users/anastasia/.m2/repository/org/jetbrains/kotlin/kotlin-stdlib-jdk7/1.9.20/kotlin-stdlib-jdk7-1.9.20.jar:/Users/anastasia/.m2/repository/org/junit/jupiter/junit-jupiter-api/5.10.0/junit-jupiter-api-5.10.0.jar:/Users/anastasia/.m2/repository/org/opentest4j/opentest4j/1.3.0/opentest4j-1.3.0.jar:/Users/anastasia/.m2/repository/org/junit/platform/junit-platform-commons/1.10.0/junit-platform-commons-1.10.0.jar:/Users/anastasia/.m2/repository/org/apiguardian/apiguardian-api/1.1.2/apiguardian-api-1.1.2.jar:/Users/anastasia/.m2/repository/org/junit/jupiter/junit-jupiter-engine/5.10.0/junit-jupiter-engine-5.10.0.jar:/Users/anastasia/.m2/repository/org/junit/platform/junit-platform-engine/1.10.0/junit-platform-engine-1.10.0.jar:/Users/anastasia/.m2/repository/com/squareup/okhttp3/logging-interceptor/4.12.0/logging-interceptor-4.12.0.jar:/Users/anastasia/.m2/repository/com/fasterxml/jackson/module/jackson-module-kotlin/2.16.0/jackson-module-kotlin-2.16.0.jar:/Users/anastasia/.m2/repository/com/fasterxml/jackson/core/jackson-databind/2.16.0/jackson-databind-2.16.0.jar:/Users/anastasia/.m2/repository/com/fasterxml/jackson/core/jackson-core/2.16.0/jackson-core-2.16.0.jar:/Users/anastasia/.m2/repository/com/fasterxml/jackson/core/jackson-annotations/2.16.0/jackson-annotations-2.16.0.jar:/Users/anastasia/.m2/repository/org/assertj/assertj-core/3.24.2/assertj-core-3.24.2.jar:/Users/anastasia/.m2/repository/net/bytebuddy/byte-buddy/1.12.21/byte-buddy-1.12.21.jar:/Users/anastasia/.m2/repository/org/jetbrains/kotlin/kotlin-reflect/1.9.20/kotlin-reflect-1.9.20.jar:"/>
    <property name="sun.cpu.endian" value="little"/>
    <property name="user.home" value="/Users/anastasia"/>
    <property name="user.language" value="en"/>
    <property name="java.specification.vendor" value="Oracle Corporation"/>
    <property name="java.version.date" value="2024-01-16"/>
    <property name="java.home" value="/opt/homebrew/Cellar/openjdk/21.0.2/libexec/openjdk.jdk/Contents/Home"/>
    <property name="file.separator" value="/"/>
    <property name="basedir" value="/Users/anastasia/toDoApp"/>
    <property name="java.vm.compressedOopsMode" value="Zero based"/>
    <property name="line.separator" value="&#10;"/>
    <property name="java.vm.specification.vendor" value="Oracle Corporation"/>
    <property name="java.specification.name" value="Java Platform API Specification"/>
    <property name="apple.awt.application.name" value="ForkedBooter"/>
    <property name="surefire.real.class.path" value="/Users/anastasia/toDoApp/target/surefire/surefirebooter-20250319133310946_3.jar"/>
    <property name="sun.management.compiler" value="HotSpot 64-Bit Tiered Compilers"/>
    <property name="ftp.nonProxyHosts" value="local|*.local|169.254/16|*.169.254/16"/>
    <property name="java.runtime.version" value="21.0.2"/>
    <property name="user.name" value="anastasia"/>
    <property name="stdout.encoding" value="UTF-8"/>
    <property name="path.separator" value=":"/>
    <property name="os.version" value="15.2"/>
    <property name="java.runtime.name" value="OpenJDK Runtime Environment"/>
    <property name="file.encoding" value="UTF-8"/>
    <property name="java.vm.name" value="OpenJDK 64-Bit Server VM"/>
    <property name="java.vendor.version" value="Homebrew"/>
    <property name="localRepository" value="/Users/anastasia/.m2/repository"/>
    <property name="java.vendor.url.bug" value="https://github.com/Homebrew/homebrew-core/issues"/>
    <property name="java.io.tmpdir" value="/var/folders/7s/4fqrt_l10gldzsrq8bzjkt6m0000gn/T/"/>
    <property name="java.version" value="21.0.2"/>
    <property name="user.dir" value="/Users/anastasia/toDoApp"/>
    <property name="os.arch" value="aarch64"/>
    <property name="java.vm.specification.name" value="Java Virtual Machine Specification"/>
    <property name="native.encoding" value="UTF-8"/>
    <property name="java.library.path" value="/Users/anastasia/Library/Java/Extensions:/Library/Java/Extensions:/Network/Library/Java/Extensions:/System/Library/Java/Extensions:/usr/lib/java:."/>
    <property name="java.vm.info" value="mixed mode, sharing"/>
    <property name="stderr.encoding" value="UTF-8"/>
    <property name="java.vendor" value="Homebrew"/>
    <property name="java.vm.version" value="21.0.2"/>
    <property name="sun.io.unicode.encoding" value="UnicodeBig"/>
    <property name="socksNonProxyHosts" value="local|*.local|169.254/16|*.169.254/16"/>
    <property name="java.class.version" value="65.0"/>
  </properties>
  <testcase name="postToDoWithEmptyText" classname="com.todoapp.PostToDoTests" time="0.017">
    <system-err><![CDATA[Mar 19, 2025 1:33:11 PM okhttp3.internal.platform.Platform log
INFO: --> POST http://localhost:8080/todos
Mar 19, 2025 1:33:11 PM okhttp3.internal.platform.Platform log
INFO: Content-Type: application/json; charset=utf-8
Mar 19, 2025 1:33:11 PM okhttp3.internal.platform.Platform log
INFO: Content-Length: 39
Mar 19, 2025 1:33:11 PM okhttp3.internal.platform.Platform log
INFO: 
Mar 19, 2025 1:33:11 PM okhttp3.internal.platform.Platform log
INFO: {"id":5241,"text":"","completed":false}
Mar 19, 2025 1:33:11 PM okhttp3.internal.platform.Platform log
INFO: --> END POST (39-byte body)
Mar 19, 2025 1:33:11 PM okhttp3.internal.platform.Platform log
INFO: <-- 201 Created http://localhost:8080/todos (2ms)
Mar 19, 2025 1:33:11 PM okhttp3.internal.platform.Platform log
INFO: content-length: 0
Mar 19, 2025 1:33:11 PM okhttp3.internal.platform.Platform log
INFO: date: Wed, 19 Mar 2025 10:33:11 GMT
Mar 19, 2025 1:33:11 PM okhttp3.internal.platform.Platform log
INFO: <-- END HTTP (0-byte body)
Mar 19, 2025 1:33:11 PM okhttp3.internal.platform.Platform log
INFO: --> GET http://localhost:8080/todos
Mar 19, 2025 1:33:11 PM okhttp3.internal.platform.Platform log
INFO: --> END GET
Mar 19, 2025 1:33:11 PM okhttp3.internal.platform.Platform log
INFO: <-- 200 OK http://localhost:8080/todos (4ms)
Mar 19, 2025 1:33:11 PM okhttp3.internal.platform.Platform log
INFO: content-type: application/json
Mar 19, 2025 1:33:11 PM okhttp3.internal.platform.Platform log
INFO: content-length: 41
Mar 19, 2025 1:33:11 PM okhttp3.internal.platform.Platform log
INFO: date: Wed, 19 Mar 2025 10:33:11 GMT
Mar 19, 2025 1:33:11 PM okhttp3.internal.platform.Platform log
INFO: 
Mar 19, 2025 1:33:11 PM okhttp3.internal.platform.Platform log
INFO: [{"id":5241,"text":"","completed":false}]
Mar 19, 2025 1:33:11 PM okhttp3.internal.platform.Platform log
INFO: <-- END HTTP (41-byte body)
Mar 19, 2025 1:33:11 PM okhttp3.internal.platform.Platform log
INFO: --> GET http://localhost:8080/todos
Mar 19, 2025 1:33:11 PM okhttp3.internal.platform.Platform log
INFO: --> END GET
Mar 19, 2025 1:33:11 PM okhttp3.internal.platform.Platform log
INFO: <-- 200 OK http://localhost:8080/todos (2ms)
Mar 19, 2025 1:33:11 PM okhttp3.internal.platform.Platform log
INFO: content-type: application/json
Mar 19, 2025 1:33:11 PM okhttp3.internal.platform.Platform log
INFO: content-length: 41
Mar 19, 2025 1:33:11 PM okhttp3.internal.platform.Platform log
INFO: date: Wed, 19 Mar 2025 10:33:11 GMT
Mar 19, 2025 1:33:11 PM okhttp3.internal.platform.Platform log
INFO: 
Mar 19, 2025 1:33:11 PM okhttp3.internal.platform.Platform log
INFO: [{"id":5241,"text":"","completed":false}]
Mar 19, 2025 1:33:11 PM okhttp3.internal.platform.Platform log
INFO: <-- END HTTP (41-byte body)
Mar 19, 2025 1:33:11 PM okhttp3.internal.platform.Platform log
INFO: --> DELETE http://localhost:8080/todos/5241
Mar 19, 2025 1:33:11 PM okhttp3.internal.platform.Platform log
INFO: Content-Length: 0
Mar 19, 2025 1:33:11 PM okhttp3.internal.platform.Platform log
INFO: Authorization: Basic YWRtaW46YWRtaW4=
Mar 19, 2025 1:33:11 PM okhttp3.internal.platform.Platform log
INFO: 
Mar 19, 2025 1:33:11 PM okhttp3.internal.platform.Platform log
INFO: 
Mar 19, 2025 1:33:11 PM okhttp3.internal.platform.Platform log
INFO: --> END DELETE (0-byte body)
Mar 19, 2025 1:33:11 PM okhttp3.internal.platform.Platform log
INFO: <-- 204 No Content http://localhost:8080/todos/5241 (1ms)
Mar 19, 2025 1:33:11 PM okhttp3.internal.platform.Platform log
INFO: date: Wed, 19 Mar 2025 10:33:11 GMT
Mar 19, 2025 1:33:11 PM okhttp3.internal.platform.Platform log
INFO: <-- END HTTP
]]></system-err>
  </testcase>
  <testcase name="postTodoSuccess" classname="com.todoapp.PostToDoTests" time="0.021">
    <system-err><![CDATA[Mar 19, 2025 1:33:11 PM okhttp3.internal.platform.Platform log
INFO: --> POST http://localhost:8080/todos
Mar 19, 2025 1:33:11 PM okhttp3.internal.platform.Platform log
INFO: Content-Type: application/json; charset=utf-8
Mar 19, 2025 1:33:11 PM okhttp3.internal.platform.Platform log
INFO: Content-Length: 55
Mar 19, 2025 1:33:11 PM okhttp3.internal.platform.Platform log
INFO: 
Mar 19, 2025 1:33:11 PM okhttp3.internal.platform.Platform log
INFO: {"id":5177,"text":"this is THE text","completed":false}
Mar 19, 2025 1:33:11 PM okhttp3.internal.platform.Platform log
INFO: --> END POST (55-byte body)
Mar 19, 2025 1:33:11 PM okhttp3.internal.platform.Platform log
INFO: <-- 201 Created http://localhost:8080/todos (2ms)
Mar 19, 2025 1:33:11 PM okhttp3.internal.platform.Platform log
INFO: content-length: 0
Mar 19, 2025 1:33:11 PM okhttp3.internal.platform.Platform log
INFO: date: Wed, 19 Mar 2025 10:33:11 GMT
Mar 19, 2025 1:33:11 PM okhttp3.internal.platform.Platform log
INFO: <-- END HTTP (0-byte body)
Mar 19, 2025 1:33:11 PM okhttp3.internal.platform.Platform log
INFO: --> GET http://localhost:8080/todos
Mar 19, 2025 1:33:11 PM okhttp3.internal.platform.Platform log
INFO: --> END GET
Mar 19, 2025 1:33:12 PM okhttp3.internal.platform.Platform log
INFO: <-- 200 OK http://localhost:8080/todos (7ms)
Mar 19, 2025 1:33:12 PM okhttp3.internal.platform.Platform log
INFO: content-type: application/json
Mar 19, 2025 1:33:12 PM okhttp3.internal.platform.Platform log
INFO: content-length: 57
Mar 19, 2025 1:33:12 PM okhttp3.internal.platform.Platform log
INFO: date: Wed, 19 Mar 2025 10:33:11 GMT
Mar 19, 2025 1:33:12 PM okhttp3.internal.platform.Platform log
INFO: 
Mar 19, 2025 1:33:12 PM okhttp3.internal.platform.Platform log
INFO: [{"id":5177,"text":"this is THE text","completed":false}]
Mar 19, 2025 1:33:12 PM okhttp3.internal.platform.Platform log
INFO: <-- END HTTP (57-byte body)
Mar 19, 2025 1:33:12 PM okhttp3.internal.platform.Platform log
INFO: --> GET http://localhost:8080/todos
Mar 19, 2025 1:33:12 PM okhttp3.internal.platform.Platform log
INFO: --> END GET
Mar 19, 2025 1:33:12 PM okhttp3.internal.platform.Platform log
INFO: <-- 200 OK http://localhost:8080/todos (2ms)
Mar 19, 2025 1:33:12 PM okhttp3.internal.platform.Platform log
INFO: content-type: application/json
Mar 19, 2025 1:33:12 PM okhttp3.internal.platform.Platform log
INFO: content-length: 57
Mar 19, 2025 1:33:12 PM okhttp3.internal.platform.Platform log
INFO: date: Wed, 19 Mar 2025 10:33:11 GMT
Mar 19, 2025 1:33:12 PM okhttp3.internal.platform.Platform log
INFO: 
Mar 19, 2025 1:33:12 PM okhttp3.internal.platform.Platform log
INFO: [{"id":5177,"text":"this is THE text","completed":false}]
Mar 19, 2025 1:33:12 PM okhttp3.internal.platform.Platform log
INFO: <-- END HTTP (57-byte body)
Mar 19, 2025 1:33:12 PM okhttp3.internal.platform.Platform log
INFO: --> DELETE http://localhost:8080/todos/5177
Mar 19, 2025 1:33:12 PM okhttp3.internal.platform.Platform log
INFO: Content-Length: 0
Mar 19, 2025 1:33:12 PM okhttp3.internal.platform.Platform log
INFO: Authorization: Basic YWRtaW46YWRtaW4=
Mar 19, 2025 1:33:12 PM okhttp3.internal.platform.Platform log
INFO: 
Mar 19, 2025 1:33:12 PM okhttp3.internal.platform.Platform log
INFO: 
Mar 19, 2025 1:33:12 PM okhttp3.internal.platform.Platform log
INFO: --> END DELETE (0-byte body)
Mar 19, 2025 1:33:12 PM okhttp3.internal.platform.Platform log
INFO: <-- 204 No Content http://localhost:8080/todos/5177 (1ms)
Mar 19, 2025 1:33:12 PM okhttp3.internal.platform.Platform log
INFO: date: Wed, 19 Mar 2025 10:33:11 GMT
Mar 19, 2025 1:33:12 PM okhttp3.internal.platform.Platform log
INFO: <-- END HTTP
]]></system-err>
  </testcase>
  <testcase name="postTodoNullCompleted" classname="com.todoapp.PostToDoTests" time="0.01">
    <system-err><![CDATA[Mar 19, 2025 1:33:12 PM okhttp3.internal.platform.Platform log
INFO: --> POST http://localhost:8080/todos
Mar 19, 2025 1:33:12 PM okhttp3.internal.platform.Platform log
INFO: Content-Type: application/json; charset=utf-8
Mar 19, 2025 1:33:12 PM okhttp3.internal.platform.Platform log
INFO: Content-Length: 54
Mar 19, 2025 1:33:12 PM okhttp3.internal.platform.Platform log
INFO: 
Mar 19, 2025 1:33:12 PM okhttp3.internal.platform.Platform log
INFO: {"id":2490,"text":"this is THE text","completed":null}
Mar 19, 2025 1:33:12 PM okhttp3.internal.platform.Platform log
INFO: --> END POST (54-byte body)
Mar 19, 2025 1:33:12 PM okhttp3.internal.platform.Platform log
INFO: <-- 400 Bad Request http://localhost:8080/todos (2ms)
Mar 19, 2025 1:33:12 PM okhttp3.internal.platform.Platform log
INFO: content-type: text/plain; charset=utf-8
Mar 19, 2025 1:33:12 PM okhttp3.internal.platform.Platform log
INFO: content-length: 90
Mar 19, 2025 1:33:12 PM okhttp3.internal.platform.Platform log
INFO: date: Wed, 19 Mar 2025 10:33:11 GMT
Mar 19, 2025 1:33:12 PM okhttp3.internal.platform.Platform log
INFO: 
Mar 19, 2025 1:33:12 PM okhttp3.internal.platform.Platform log
INFO: Request body deserialize error: invalid type: null, expected a boolean at line 1 column 53
Mar 19, 2025 1:33:12 PM okhttp3.internal.platform.Platform log
INFO: <-- END HTTP (90-byte body)
Mar 19, 2025 1:33:12 PM okhttp3.internal.platform.Platform log
INFO: --> GET http://localhost:8080/todos
Mar 19, 2025 1:33:12 PM okhttp3.internal.platform.Platform log
INFO: --> END GET
Mar 19, 2025 1:33:12 PM okhttp3.internal.platform.Platform log
INFO: <-- 200 OK http://localhost:8080/todos (3ms)
Mar 19, 2025 1:33:12 PM okhttp3.internal.platform.Platform log
INFO: content-type: application/json
Mar 19, 2025 1:33:12 PM okhttp3.internal.platform.Platform log
INFO: content-length: 2
Mar 19, 2025 1:33:12 PM okhttp3.internal.platform.Platform log
INFO: date: Wed, 19 Mar 2025 10:33:11 GMT
Mar 19, 2025 1:33:12 PM okhttp3.internal.platform.Platform log
INFO: 
Mar 19, 2025 1:33:12 PM okhttp3.internal.platform.Platform log
INFO: []
Mar 19, 2025 1:33:12 PM okhttp3.internal.platform.Platform log
INFO: <-- END HTTP (2-byte body)
]]></system-err>
  </testcase>
  <testcase name="postTodoWithTheSameId" classname="com.todoapp.PostToDoTests" time="0.017">
    <system-err><![CDATA[Mar 19, 2025 1:33:12 PM okhttp3.internal.platform.Platform log
INFO: --> POST http://localhost:8080/todos
Mar 19, 2025 1:33:12 PM okhttp3.internal.platform.Platform log
INFO: Content-Type: application/json; charset=utf-8
Mar 19, 2025 1:33:12 PM okhttp3.internal.platform.Platform log
INFO: Content-Length: 55
Mar 19, 2025 1:33:12 PM okhttp3.internal.platform.Platform log
INFO: 
Mar 19, 2025 1:33:12 PM okhttp3.internal.platform.Platform log
INFO: {"id":8202,"text":"this is THE text","completed":false}
Mar 19, 2025 1:33:12 PM okhttp3.internal.platform.Platform log
INFO: --> END POST (55-byte body)
Mar 19, 2025 1:33:12 PM okhttp3.internal.platform.Platform log
INFO: <-- 201 Created http://localhost:8080/todos (1ms)
Mar 19, 2025 1:33:12 PM okhttp3.internal.platform.Platform log
INFO: content-length: 0
Mar 19, 2025 1:33:12 PM okhttp3.internal.platform.Platform log
INFO: date: Wed, 19 Mar 2025 10:33:11 GMT
Mar 19, 2025 1:33:12 PM okhttp3.internal.platform.Platform log
INFO: <-- END HTTP (0-byte body)
Mar 19, 2025 1:33:12 PM okhttp3.internal.platform.Platform log
INFO: --> POST http://localhost:8080/todos
Mar 19, 2025 1:33:12 PM okhttp3.internal.platform.Platform log
INFO: Content-Type: application/json; charset=utf-8
Mar 19, 2025 1:33:12 PM okhttp3.internal.platform.Platform log
INFO: Content-Length: 55
Mar 19, 2025 1:33:12 PM okhttp3.internal.platform.Platform log
INFO: 
Mar 19, 2025 1:33:12 PM okhttp3.internal.platform.Platform log
INFO: {"id":8202,"text":"this is THE text","completed":false}
Mar 19, 2025 1:33:12 PM okhttp3.internal.platform.Platform log
INFO: --> END POST (55-byte body)
Mar 19, 2025 1:33:12 PM okhttp3.internal.platform.Platform log
INFO: <-- 400 Bad Request http://localhost:8080/todos (2ms)
Mar 19, 2025 1:33:12 PM okhttp3.internal.platform.Platform log
INFO: content-length: 0
Mar 19, 2025 1:33:12 PM okhttp3.internal.platform.Platform log
INFO: date: Wed, 19 Mar 2025 10:33:11 GMT
Mar 19, 2025 1:33:12 PM okhttp3.internal.platform.Platform log
INFO: <-- END HTTP (0-byte body)
Mar 19, 2025 1:33:12 PM okhttp3.internal.platform.Platform log
INFO: --> GET http://localhost:8080/todos
Mar 19, 2025 1:33:12 PM okhttp3.internal.platform.Platform log
INFO: --> END GET
Mar 19, 2025 1:33:12 PM okhttp3.internal.platform.Platform log
INFO: <-- 200 OK http://localhost:8080/todos (5ms)
Mar 19, 2025 1:33:12 PM okhttp3.internal.platform.Platform log
INFO: content-type: application/json
Mar 19, 2025 1:33:12 PM okhttp3.internal.platform.Platform log
INFO: content-length: 57
Mar 19, 2025 1:33:12 PM okhttp3.internal.platform.Platform log
INFO: date: Wed, 19 Mar 2025 10:33:11 GMT
Mar 19, 2025 1:33:12 PM okhttp3.internal.platform.Platform log
INFO: 
Mar 19, 2025 1:33:12 PM okhttp3.internal.platform.Platform log
INFO: [{"id":8202,"text":"this is THE text","completed":false}]
Mar 19, 2025 1:33:12 PM okhttp3.internal.platform.Platform log
INFO: <-- END HTTP (57-byte body)
Mar 19, 2025 1:33:12 PM okhttp3.internal.platform.Platform log
INFO: --> DELETE http://localhost:8080/todos/8202
Mar 19, 2025 1:33:12 PM okhttp3.internal.platform.Platform log
INFO: Content-Length: 0
Mar 19, 2025 1:33:12 PM okhttp3.internal.platform.Platform log
INFO: Authorization: Basic YWRtaW46YWRtaW4=
Mar 19, 2025 1:33:12 PM okhttp3.internal.platform.Platform log
INFO: 
Mar 19, 2025 1:33:12 PM okhttp3.internal.platform.Platform log
INFO: 
Mar 19, 2025 1:33:12 PM okhttp3.internal.platform.Platform log
INFO: --> END DELETE (0-byte body)
Mar 19, 2025 1:33:12 PM okhttp3.internal.platform.Platform log
INFO: <-- 204 No Content http://localhost:8080/todos/8202 (2ms)
Mar 19, 2025 1:33:12 PM okhttp3.internal.platform.Platform log
INFO: date: Wed, 19 Mar 2025 10:33:11 GMT
Mar 19, 2025 1:33:12 PM okhttp3.internal.platform.Platform log
INFO: <-- END HTTP
]]></system-err>
  </testcase>
  <testcase name="postToDoWithNullText" classname="com.todoapp.PostToDoTests" time="0.007">
    <system-err><![CDATA[Mar 19, 2025 1:33:12 PM okhttp3.internal.platform.Platform log
INFO: --> POST http://localhost:8080/todos
Mar 19, 2025 1:33:12 PM okhttp3.internal.platform.Platform log
INFO: Content-Type: application/json; charset=utf-8
Mar 19, 2025 1:33:12 PM okhttp3.internal.platform.Platform log
INFO: Content-Length: 41
Mar 19, 2025 1:33:12 PM okhttp3.internal.platform.Platform log
INFO: 
Mar 19, 2025 1:33:12 PM okhttp3.internal.platform.Platform log
INFO: {"id":8455,"text":null,"completed":false}
Mar 19, 2025 1:33:12 PM okhttp3.internal.platform.Platform log
INFO: --> END POST (41-byte body)
Mar 19, 2025 1:33:12 PM okhttp3.internal.platform.Platform log
INFO: <-- 400 Bad Request http://localhost:8080/todos (1ms)
Mar 19, 2025 1:33:12 PM okhttp3.internal.platform.Platform log
INFO: content-type: text/plain; charset=utf-8
Mar 19, 2025 1:33:12 PM okhttp3.internal.platform.Platform log
INFO: content-length: 89
Mar 19, 2025 1:33:12 PM okhttp3.internal.platform.Platform log
INFO: date: Wed, 19 Mar 2025 10:33:11 GMT
Mar 19, 2025 1:33:12 PM okhttp3.internal.platform.Platform log
INFO: 
Mar 19, 2025 1:33:12 PM okhttp3.internal.platform.Platform log
INFO: Request body deserialize error: invalid type: null, expected a string at line 1 column 22
Mar 19, 2025 1:33:12 PM okhttp3.internal.platform.Platform log
INFO: <-- END HTTP (89-byte body)
Mar 19, 2025 1:33:12 PM okhttp3.internal.platform.Platform log
INFO: --> GET http://localhost:8080/todos
Mar 19, 2025 1:33:12 PM okhttp3.internal.platform.Platform log
INFO: --> END GET
Mar 19, 2025 1:33:12 PM okhttp3.internal.platform.Platform log
INFO: <-- 200 OK http://localhost:8080/todos (2ms)
Mar 19, 2025 1:33:12 PM okhttp3.internal.platform.Platform log
INFO: content-type: application/json
Mar 19, 2025 1:33:12 PM okhttp3.internal.platform.Platform log
INFO: content-length: 2
Mar 19, 2025 1:33:12 PM okhttp3.internal.platform.Platform log
INFO: date: Wed, 19 Mar 2025 10:33:11 GMT
Mar 19, 2025 1:33:12 PM okhttp3.internal.platform.Platform log
INFO: 
Mar 19, 2025 1:33:12 PM okhttp3.internal.platform.Platform log
INFO: []
Mar 19, 2025 1:33:12 PM okhttp3.internal.platform.Platform log
INFO: <-- END HTTP (2-byte body)
]]></system-err>
  </testcase>
</testsuite>